<?xml version="1.0" encoding="UTF-8"?>
<!-- Generated by org.testng.reporters.JUnitXMLReporter -->
<testsuite ignored="1" hostname="DESKTOP-QVPVDAQ" failures="0" tests="1" name="Default test" time="43.855" errors="0" timestamp="2023-10-29T11:44:22 IST">
  <testcase classname="com.store.Testcases.TC_ProductPageTest" name="VerifyBuyProduct" time="27.783"/>
  <testcase classname="com.store.Testcases.TC_ProductPageTest" name="VerifySearchProduct" time="0.0">
    <ignored/>
  </testcase> <!-- VerifySearchProduct -->
</testsuite> <!-- Default test -->
