<?xml version="1.0" encoding="UTF-8"?>
<!-- Generated by org.testng.reporters.JUnitXMLReporter -->
<testsuite ignored="1" hostname="DESKTOP-QVPVDAQ" failures="0" tests="2" name="Default test" time="37.892" errors="0" timestamp="2023-10-30T10:32:10 IST">
  <testcase classname="com.store.Testcases.TC_MyAccountPageTest" name="verifyLogin" time="7.455"/>
  <testcase classname="com.store.Testcases.TC_MyAccountPageTest" name="VerifySignOut" time="8.601"/>
  <testcase classname="com.store.Testcases.TC_MyAccountPageTest" name="verifyRegistrationLogin" time="0.0">
    <ignored/>
  </testcase> <!-- verifyRegistrationLogin -->
</testsuite> <!-- Default test -->
