<?xml version="1.0" encoding="UTF-8"?>
<!-- Generated by org.testng.reporters.JUnitXMLReporter -->
<testsuite ignored="2" hostname="DESKTOP-QVPVDAQ" failures="0" tests="3" name="Test" time="35.519" errors="0" timestamp="2023-09-11T13:52:25 IST">
  <testcase classname="com.store.Testcases.TC_MyAccountPageTest" name="verifyLogin" time="5.128"/>
  <testcase classname="com.store.Testcases.TC_MyAccountPageTest" name="VerifySignOut" time="3.727"/>
  <testcase classname="com.store.Testcases.TC_ProductPageTest" name="VerifySearchProduct" time="5.926"/>
  <testcase classname="com.store.Testcases.TC_MyAccountPageTest" name="verifyRegistrationLogin" time="0.0">
    <ignored/>
  </testcase> <!-- verifyRegistrationLogin -->
  <testcase classname="com.store.Testcases.TC_ProductPageTest" name="VerifyBuyProduct" time="0.0">
    <ignored/>
  </testcase> <!-- VerifyBuyProduct -->
</testsuite> <!-- Test -->
