<?xml version="1.0" encoding="UTF-8"?>
<!-- Generated by org.testng.reporters.JUnitXMLReporter -->
<testsuite ignored="1" hostname="DESKTOP-QVPVDAQ" failures="0" tests="4" name="Test" time="154.89" errors="0" timestamp="2023-10-29T23:21:46 IST">
  <testcase classname="com.store.Testcases.TC_MyAccountPageTest" name="verifyLogin" time="17.681"/>
  <testcase classname="com.store.Testcases.TC_MyAccountPageTest" name="VerifySignOut" time="9.759"/>
  <testcase classname="com.store.Testcases.TC_ProductPageTest" name="VerifySearchProduct" time="13.518"/>
  <testcase classname="com.store.Testcases.TC_ProductPageTest" name="VerifyBuyProduct" time="45.219"/>
  <testcase classname="com.store.Testcases.TC_MyAccountPageTest" name="verifyRegistrationLogin" time="0.0">
    <ignored/>
  </testcase> <!-- verifyRegistrationLogin -->
</testsuite> <!-- Test -->
