<?xml version="1.0" encoding="UTF-8"?>
<!-- Generated by org.testng.reporters.JUnitXMLReporter -->
<testsuite ignored="2" hostname="DESKTOP-QVPVDAQ" failures="0" tests="3" name="Test" time="56.028" errors="0" timestamp="2023-09-11T12:26:07 IST">
  <testcase classname="com.store.Testcases.TC_MyAccountPageTest" name="verifyLogin" time="5.782"/>
  <testcase classname="com.store.Testcases.TC_MyAccountPageTest" name="VerifySignOut" time="3.876"/>
  <testcase classname="com.store.Testcases.TC_ProductPageTest" name="VerifySearchProduct" time="6.852"/>
  <testcase classname="com.store.Testcases.TC_ProductPageTest" name="VerifyBuyProduct" time="0.0">
    <ignored/>
  </testcase> <!-- VerifyBuyProduct -->
  <testcase classname="com.store.Testcases.TC_MyAccountPageTest" name="verifyRegistrationLogin" time="0.0">
    <ignored/>
  </testcase> <!-- verifyRegistrationLogin -->
</testsuite> <!-- Test -->
