<?xml version="1.0" encoding="UTF-8"?>
<testsuite xmlns:xsi="http://www.w3.org/2001/XMLSchema-instance" xsi:noNamespaceSchemaLocation="https://maven.apache.org/surefire/maven-surefire-plugin/xsd/surefire-test-report-3.0.xsd" version="3.0" name="TestSuite" time="83.675" tests="4" errors="0" skipped="0" failures="0">
  <properties>
[...]
</properties>
  <testcase name="verifyLogin" classname="com.store.Testcases.TC_MyAccountPageTest" time="7.472">
    <system-out><![CDATA[[INFO ] 2023-10-30 10:36:19.058 [main] MyStore - Browser Launched.........
[INFO ] 2023-10-30 10:36:25.280 [main] MyStore - Webpage Opened..........
[INFO ] 2023-10-30 10:36:25.308 [main] MyStore - ***************TestCase VerifyLogin Started*****************
[INFO ] 2023-10-30 10:36:26.775 [main] MyStore - Clicked on Sign in link
[INFO ] 2023-10-30 10:36:26.776 [main] MyStore - My Account Page is open
[INFO ] 2023-10-30 10:36:31.072 [main] MyStore - Email and Pass entered and click on sign in
[INFO ] 2023-10-30 10:36:31.155 [main] MyStore - Checking correct username is displaying or not
[INFO ] 2023-10-30 10:36:32.685 [main] MyStore - Testcase VerifyLogin passed
[INFO ] 2023-10-30 10:36:32.694 [main] MyStore - ***************TestCase VerifyLogin Ends*****************
]]></system-out>
    <system-err><![CDATA[SLF4J: Failed to load class "org.slf4j.impl.StaticLoggerBinder".
SLF4J: Defaulting to no-operation (NOP) logger implementation
SLF4J: See http://www.slf4j.org/codes.html#StaticLoggerBinder for further details.
Oct 30, 2023 10:36:18 AM org.openqa.selenium.devtools.CdpVersionFinder findNearestMatch
WARNING: Unable to find an exact match for CDP version 118, so returning the closest version found: 115
]]></system-err>
  </testcase>
  <testcase name="VerifySignOut" classname="com.store.Testcases.TC_MyAccountPageTest" time="3.344">
    <system-out><![CDATA[[INFO ] 2023-10-30 10:36:32.736 [main] MyStore - ***************TestCase Verify Sign out starts*****************
[INFO ] 2023-10-30 10:36:33.647 [main] MyStore - Clicked on sign in link
[INFO ] 2023-10-30 10:36:33.810 [main] MyStore - Entered email address
[INFO ] 2023-10-30 10:36:33.967 [main] MyStore - Entered password
[INFO ] 2023-10-30 10:36:34.940 [main] MyStore - Clicked on sign in link..
[INFO ] 2023-10-30 10:36:36.122 [main] MyStore - Clicked on sign out link..
[INFO ] 2023-10-30 10:36:36.144 [main] MyStore - user signed out from application
[INFO ] 2023-10-30 10:36:36.144 [main] MyStore - Testcase VerifySignOut passed
[INFO ] 2023-10-30 10:36:36.144 [main] MyStore - ***************TestCase Verify Sign out ends*****************
]]></system-out>
  </testcase>
  <testcase name="VerifySearchProduct" classname="com.store.Testcases.TC_ProductPageTest" time="6.823">
    <system-out><![CDATA[[INFO ] 2023-10-30 10:36:36.568 [main] MyStore - Browser Closed
[INFO ] 2023-10-30 10:36:38.796 [main] MyStore - Browser Launched.........
[INFO ] 2023-10-30 10:36:48.391 [main] MyStore - Webpage Opened..........
[INFO ] 2023-10-30 10:36:48.393 [main] MyStore - ***************TestCase Search Product started*****************
[INFO ] 2023-10-30 10:36:50.406 [main] MyStore - Clicked on Sign in link
[INFO ] 2023-10-30 10:36:50.406 [main] MyStore - My Account Page is open
[INFO ] 2023-10-30 10:36:51.996 [main] MyStore - Email and Pass entered and click on sign in
[INFO ] 2023-10-30 10:36:52.769 [main] MyStore - Product Search page open
[INFO ] 2023-10-30 10:36:52.770 [main] MyStore - In Search box added search key and clicked search button
[INFO ] 2023-10-30 10:36:54.228 [main] MyStore - In result page got name of the product which is displayed 
[INFO ] 2023-10-30 10:36:54.229 [main] MyStore - Verifying that correct Product is displaying after search
[INFO ] 2023-10-30 10:36:54.229 [main] MyStore - Search Product testcase - Passed
[INFO ] 2023-10-30 10:36:55.204 [main] MyStore - ***************TestCase Search Product ends*****************
]]></system-out>
    <system-err><![CDATA[Oct 30, 2023 10:36:36 AM org.openqa.selenium.remote.http.WebSocket$Listener onError
WARNING: Connection reset
java.net.SocketException: Connection reset
	at java.base/sun.nio.ch.SocketChannelImpl.throwConnectionReset(SocketChannelImpl.java:394)
	at java.base/sun.nio.ch.SocketChannelImpl.read(SocketChannelImpl.java:426)
	at io.netty.buffer.PooledByteBuf.setBytes(PooledByteBuf.java:256)
	at io.netty.buffer.AbstractByteBuf.writeBytes(AbstractByteBuf.java:1132)
	at io.netty.channel.socket.nio.NioSocketChannel.doReadBytes(NioSocketChannel.java:357)
	at io.netty.channel.nio.AbstractNioByteChannel$NioByteUnsafe.read(AbstractNioByteChannel.java:151)
	at io.netty.channel.nio.NioEventLoop.processSelectedKey(NioEventLoop.java:788)
	at io.netty.channel.nio.NioEventLoop.processSelectedKeysOptimized(NioEventLoop.java:724)
	at io.netty.channel.nio.NioEventLoop.processSelectedKeys(NioEventLoop.java:650)
	at io.netty.channel.nio.NioEventLoop.run(NioEventLoop.java:562)
	at io.netty.util.concurrent.SingleThreadEventExecutor$4.run(SingleThreadEventExecutor.java:997)
	at io.netty.util.internal.ThreadExecutorMap$2.run(ThreadExecutorMap.java:74)
	at io.netty.util.concurrent.FastThreadLocalRunnable.run(FastThreadLocalRunnable.java:30)
	at java.base/java.lang.Thread.run(Thread.java:833)

Oct 30, 2023 10:36:38 AM org.openqa.selenium.devtools.CdpVersionFinder findNearestMatch
WARNING: Unable to find an exact match for CDP version 118, so returning the closest version found: 115
]]></system-err>
  </testcase>
  <testcase name="VerifyBuyProduct" classname="com.store.Testcases.TC_ProductPageTest" time="37.583">
    <system-out><![CDATA[[INFO ] 2023-10-30 10:36:55.219 [main] MyStore - ***************TestCase Buy Product started*****************
[INFO ] 2023-10-30 10:36:56.178 [main] MyStore - Clicked on Sign in link
[INFO ] 2023-10-30 10:36:56.180 [main] MyStore - My Account Page is open
[INFO ] 2023-10-30 10:36:57.456 [main] MyStore - Email and Pass entered and click on sign in
[INFO ] 2023-10-30 10:36:57.653 [main] MyStore - T-shirt entered in search box
[INFO ] 2023-10-30 10:36:58.543 [main] MyStore - clicked on search button
[INFO ] 2023-10-30 10:37:01.158 [main] MyStore - Clicked on more button
[INFO ] 2023-10-30 10:37:05.371 [main] MyStore - quantity 2 entered
[INFO ] 2023-10-30 10:37:05.615 [main] MyStore - size M entered
[INFO ] 2023-10-30 10:37:05.721 [main] MyStore - Clicked on add to cart
[INFO ] 2023-10-30 10:37:07.627 [main] MyStore - Clicked on proceed to checkout on product page
[INFO ] 2023-10-30 10:37:09.095 [main] MyStore - Clicked on proceed to checkout on order summary page
[INFO ] 2023-10-30 10:37:09.637 [main] MyStore - Clicked on proceed to checkout on order address page
[INFO ] 2023-10-30 10:37:10.159 [main] MyStore - selected term of service check box
[INFO ] 2023-10-30 10:37:11.343 [main] MyStore - Clicked on proceed to checkout on order shipping page
[INFO ] 2023-10-30 10:37:11.377 [main] MyStore - order payment page open
[INFO ] 2023-10-30 10:37:12.039 [main] MyStore - Clicked on pay by cheque
[INFO ] 2023-10-30 10:37:22.966 [main] MyStore - Clicked on confirmed order
[INFO ] 2023-10-30 10:37:23.038 [main] MyStore - Checked confirm order message
[INFO ] 2023-10-30 10:37:23.039 [main] MyStore - VerifyBuyProduct - Passed
[INFO ] 2023-10-30 10:37:32.790 [main] MyStore - ***************TestCase BuyProduct ends*****************
]]></system-out>
  </testcase>
</testsuite>