<?xml version="1.0" encoding="UTF-8"?>
<testng-results ignored="2" total="5" passed="3" failed="0" skipped="0">
  <reporter-output>
  </reporter-output>
  <suite started-at="2023-09-11T12:25:11 IST" name="Suite" finished-at="2023-09-11T12:26:07 IST" duration-ms="56028">
    <groups>
    </groups>
    <test started-at="2023-09-11T12:25:11 IST" name="Test" finished-at="2023-09-11T12:26:07 IST" duration-ms="56028">
      <class name="com.store.Testcases.TC_MyAccountPageTest">
        <test-method is-config="true" signature="setup()[pri:0, instance:com.store.Testcases.TC_MyAccountPageTest@428640fa]" started-at="2023-09-11T12:25:11 IST" name="setup" finished-at="2023-09-11T12:25:23 IST" duration-ms="11233" status="PASS">
          <reporter-output>
          </reporter-output>
        </test-method> <!-- setup -->
        <test-method signature="verifyLogin()[pri:0, instance:com.store.Testcases.TC_MyAccountPageTest@428640fa]" started-at="2023-09-11T12:25:23 IST" name="verifyLogin" finished-at="2023-09-11T12:25:28 IST" duration-ms="5782" status="PASS">
          <reporter-output>
          </reporter-output>
        </test-method> <!-- verifyLogin -->
        <test-method signature="VerifySignOut()[pri:1, instance:com.store.Testcases.TC_MyAccountPageTest@428640fa]" started-at="2023-09-11T12:25:28 IST" name="VerifySignOut" finished-at="2023-09-11T12:25:32 IST" duration-ms="3876" status="PASS">
          <reporter-output>
          </reporter-output>
        </test-method> <!-- VerifySignOut -->
        <test-method is-config="true" signature="teardown()[pri:0, instance:com.store.Testcases.TC_MyAccountPageTest@428640fa]" started-at="2023-09-11T12:25:32 IST" name="teardown" finished-at="2023-09-11T12:25:33 IST" duration-ms="480" status="PASS">
          <reporter-output>
          </reporter-output>
        </test-method> <!-- teardown -->
      </class> <!-- com.store.Testcases.TC_MyAccountPageTest -->
      <class name="com.store.Testcases.TC_ProductPageTest">
        <test-method is-config="true" signature="setup()[pri:0, instance:com.store.Testcases.TC_ProductPageTest@b9b00e0]" started-at="2023-09-11T12:25:33 IST" name="setup" finished-at="2023-09-11T12:25:59 IST" duration-ms="26769" status="PASS">
          <reporter-output>
          </reporter-output>
        </test-method> <!-- setup -->
        <test-method signature="VerifySearchProduct()[pri:0, instance:com.store.Testcases.TC_ProductPageTest@b9b00e0]" started-at="2023-09-11T12:26:00 IST" name="VerifySearchProduct" finished-at="2023-09-11T12:26:06 IST" duration-ms="6852" status="PASS">
          <reporter-output>
          </reporter-output>
        </test-method> <!-- VerifySearchProduct -->
        <test-method is-config="true" signature="teardown()[pri:0, instance:com.store.Testcases.TC_ProductPageTest@b9b00e0]" started-at="2023-09-11T12:26:06 IST" name="teardown" finished-at="2023-09-11T12:26:07 IST" duration-ms="533" status="PASS">
          <reporter-output>
          </reporter-output>
        </test-method> <!-- teardown -->
      </class> <!-- com.store.Testcases.TC_ProductPageTest -->
    </test> <!-- Test -->
  </suite> <!-- Suite -->
</testng-results>
