<?xml version="1.0" encoding="UTF-8"?>
<testng-results ignored="2" total="5" passed="3" failed="0" skipped="0">
  <reporter-output>
  </reporter-output>
  <suite started-at="2023-09-11T13:51:49 IST" name="Suite" finished-at="2023-09-11T13:52:25 IST" duration-ms="35519">
    <groups>
    </groups>
    <test started-at="2023-09-11T13:51:49 IST" name="Test" finished-at="2023-09-11T13:52:25 IST" duration-ms="35519">
      <class name="com.store.Testcases.TC_MyAccountPageTest">
        <test-method is-config="true" signature="setup()[pri:0, instance:com.store.Testcases.TC_MyAccountPageTest@4d5650ae]" started-at="2023-09-11T13:51:50 IST" name="setup" finished-at="2023-09-11T13:52:01 IST" duration-ms="11192" status="PASS">
          <reporter-output>
          </reporter-output>
        </test-method> <!-- setup -->
        <test-method signature="verifyLogin()[pri:0, instance:com.store.Testcases.TC_MyAccountPageTest@4d5650ae]" started-at="2023-09-11T13:52:01 IST" name="verifyLogin" finished-at="2023-09-11T13:52:06 IST" duration-ms="5128" status="PASS">
          <reporter-output>
          </reporter-output>
        </test-method> <!-- verifyLogin -->
        <test-method signature="VerifySignOut()[pri:1, instance:com.store.Testcases.TC_MyAccountPageTest@4d5650ae]" started-at="2023-09-11T13:52:06 IST" name="VerifySignOut" finished-at="2023-09-11T13:52:10 IST" duration-ms="3727" status="PASS">
          <reporter-output>
          </reporter-output>
        </test-method> <!-- VerifySignOut -->
        <test-method is-config="true" signature="teardown()[pri:0, instance:com.store.Testcases.TC_MyAccountPageTest@4d5650ae]" started-at="2023-09-11T13:52:10 IST" name="teardown" finished-at="2023-09-11T13:52:11 IST" duration-ms="476" status="PASS">
          <reporter-output>
          </reporter-output>
        </test-method> <!-- teardown -->
      </class> <!-- com.store.Testcases.TC_MyAccountPageTest -->
      <class name="com.store.Testcases.TC_ProductPageTest">
        <test-method is-config="true" signature="setup()[pri:0, instance:com.store.Testcases.TC_ProductPageTest@25641d39]" started-at="2023-09-11T13:52:11 IST" name="setup" finished-at="2023-09-11T13:52:19 IST" duration-ms="7947" status="PASS">
          <reporter-output>
          </reporter-output>
        </test-method> <!-- setup -->
        <test-method signature="VerifySearchProduct()[pri:0, instance:com.store.Testcases.TC_ProductPageTest@25641d39]" started-at="2023-09-11T13:52:19 IST" name="VerifySearchProduct" finished-at="2023-09-11T13:52:24 IST" duration-ms="5926" status="PASS">
          <reporter-output>
          </reporter-output>
        </test-method> <!-- VerifySearchProduct -->
        <test-method is-config="true" signature="teardown()[pri:0, instance:com.store.Testcases.TC_ProductPageTest@25641d39]" started-at="2023-09-11T13:52:24 IST" name="teardown" finished-at="2023-09-11T13:52:25 IST" duration-ms="419" status="PASS">
          <reporter-output>
          </reporter-output>
        </test-method> <!-- teardown -->
      </class> <!-- com.store.Testcases.TC_ProductPageTest -->
    </test> <!-- Test -->
  </suite> <!-- Suite -->
</testng-results>
