<?xml version="1.0" encoding="UTF-8"?>
<testng-results ignored="1" total="3" passed="2" failed="0" skipped="0">
  <reporter-output>
  </reporter-output>
  <suite started-at="2023-10-30T10:31:32 IST" name="Default suite" finished-at="2023-10-30T10:32:10 IST" duration-ms="37892">
    <groups>
    </groups>
    <test started-at="2023-10-30T10:31:32 IST" name="Default test" finished-at="2023-10-30T10:32:10 IST" duration-ms="37892">
      <class name="com.store.Testcases.TC_MyAccountPageTest">
        <test-method is-config="true" signature="setup()[pri:0, instance:com.store.Testcases.TC_MyAccountPageTest@7d4f9aae]" started-at="2023-10-30T10:31:32 IST" name="setup" finished-at="2023-10-30T10:31:53 IST" duration-ms="21186" status="PASS">
          <reporter-output>
          </reporter-output>
        </test-method> <!-- setup -->
        <test-method signature="verifyLogin()[pri:0, instance:com.store.Testcases.TC_MyAccountPageTest@7d4f9aae]" started-at="2023-10-30T10:31:53 IST" name="verifyLogin" finished-at="2023-10-30T10:32:01 IST" duration-ms="7455" status="PASS">
          <reporter-output>
          </reporter-output>
        </test-method> <!-- verifyLogin -->
        <test-method signature="VerifySignOut()[pri:1, instance:com.store.Testcases.TC_MyAccountPageTest@7d4f9aae]" started-at="2023-10-30T10:32:01 IST" name="VerifySignOut" finished-at="2023-10-30T10:32:10 IST" duration-ms="8601" status="PASS">
          <reporter-output>
          </reporter-output>
        </test-method> <!-- VerifySignOut -->
        <test-method is-config="true" signature="teardown()[pri:0, instance:com.store.Testcases.TC_MyAccountPageTest@7d4f9aae]" started-at="2023-10-30T10:32:10 IST" name="teardown" finished-at="2023-10-30T10:32:10 IST" duration-ms="539" status="PASS">
          <reporter-output>
          </reporter-output>
        </test-method> <!-- teardown -->
      </class> <!-- com.store.Testcases.TC_MyAccountPageTest -->
    </test> <!-- Default test -->
  </suite> <!-- Default suite -->
</testng-results>
